14:53:28.443  378  DEBUG fr.sparna.rdf.xls2rdf.app.Convert - Will use output format : text/turtle
14:53:28.451  386  DEBUG fr.sparna.rdf.xls2rdf.app.Convert - Will use ModelWriter : fr.sparna.rdf.xls2rdf.OutputStreamModelWriter
14:53:29.154  1089 DEBUG f.s.rdf.xls2rdf.Xls2RdfConverter - Processing sheet: Sheet1
14:53:29.162  1097 INFO  f.sparna.rdf.xls2rdf.RdfizableSheet - Found proper property in header : http://purl.org/m4m/
14:53:29.163  1098 INFO  f.sparna.rdf.xls2rdf.RdfizableSheet - Found proper property in header : http://www.w3.org/2004/02/skos/core#
14:53:29.163  1098 INFO  f.sparna.rdf.xls2rdf.RdfizableSheet - Found proper property in header : http://purl.org/pav/
14:53:29.164  1099 INFO  f.sparna.rdf.xls2rdf.RdfizableSheet - Found proper property in header : http://purl.org/dc/terms/
14:53:29.165  1100 INFO  f.sparna.rdf.xls2rdf.RdfizableSheet - Found proper property in header : https://w3id.org/iadopt/ont/
14:53:29.165  1100 INFO  f.sparna.rdf.xls2rdf.RdfizableSheet - Found proper property in header : https://w3id.org/env/puv#
14:53:29.166  1101 INFO  f.sparna.rdf.xls2rdf.RdfizableSheet - Found proper property in header : http://www.w3.org/ns/sosa/
14:53:29.167  1102 INFO  f.sparna.rdf.xls2rdf.RdfizableSheet - Found proper property in header : http://www.w3.org/2001/XMLSchema#
14:53:29.167  1102 INFO  f.sparna.rdf.xls2rdf.RdfizableSheet - Found proper property in header : http://qudt.org/schema/qudt/
14:53:29.168  1103 INFO  f.sparna.rdf.xls2rdf.RdfizableSheet - Found proper property in header : http://qudt.org/vocab/unit/
14:53:29.170  1105 INFO  f.sparna.rdf.xls2rdf.RdfizableSheet - Found proper property in header : https://github.com/gofair-foundation/m4m-vocabulary
14:53:29.171  1106 INFO  f.sparna.rdf.xls2rdf.RdfizableSheet - Found proper property in header : https://spdx.org/licenses/CC0-1.0
14:53:29.174  1109 INFO  f.sparna.rdf.xls2rdf.RdfizableSheet - Found proper property in header : http://www.w3.org/2004/02/skos/core#prefLabel
14:53:29.174  1109 INFO  f.sparna.rdf.xls2rdf.RdfizableSheet - Found proper property in header : http://www.w3.org/2004/02/skos/core#altLabel
14:53:29.175  1110 INFO  f.sparna.rdf.xls2rdf.RdfizableSheet - Found proper property in header : http://www.w3.org/2004/02/skos/core#notation
14:53:29.175  1110 INFO  f.sparna.rdf.xls2rdf.RdfizableSheet - Found proper property in header : http://www.w3.org/2004/02/skos/core#broader
14:53:29.175  1110 INFO  f.sparna.rdf.xls2rdf.RdfizableSheet - Found proper property in header : http://www.w3.org/1999/02/22-rdf-syntax-ns#type
14:53:29.175  1110 INFO  f.sparna.rdf.xls2rdf.RdfizableSheet - Found proper property in header : http://www.w3.org/2004/02/skos/core#definition
14:53:29.175  1110 INFO  f.sparna.rdf.xls2rdf.RdfizableSheet - Found proper property in header : http://purl.org/dc/terms/source
14:53:29.176  1111 INFO  f.sparna.rdf.xls2rdf.RdfizableSheet - Found proper property in header : http://www.w3.org/2004/02/skos/core#exactMatch
14:53:29.176  1111 INFO  f.sparna.rdf.xls2rdf.RdfizableSheet - Found at least 2 headers with proper property declaration in the first 10 columns, title row is at index 22
14:53:29.176  1111 DEBUG f.s.rdf.xls2rdf.Xls2RdfConverter - Found title row at index 22
14:53:29.178  1113 DEBUG f.s.rdf.xls2rdf.Xls2RdfConverter - Adding value on header object "Demo M4M Vocabulary" with lang en
14:53:29.185  1120 DEBUG f.s.rdf.xls2rdf.Xls2RdfConverter - Adding value on header object "This vocabulary is used in DEMO M4M workshop" with lang en
14:53:29.185  1120 DEBUG f.s.rdf.xls2rdf.Xls2RdfConverter - Adding value on header object "https://github.com/gofair-foundation/m4m-vocabulary" with lang en
14:53:29.185  1120 DEBUG f.s.rdf.xls2rdf.Xls2RdfConverter - Adding value on header object "0000-0002-1665-678X" with lang en
14:53:29.185  1120 DEBUG f.s.rdf.xls2rdf.Xls2RdfConverter - Adding value on header object "https://spdx.org/licenses/CC0-1.0" with lang en
14:53:29.185  1120 DEBUG f.s.rdf.xls2rdf.Xls2RdfConverter - Adding value on header object "0.1.0" with lang en
14:53:29.186  1121 DEBUG f.s.rdf.xls2rdf.Xls2RdfConverter - Adding value on header object "2022-06-01T00:00:00+00:00" with lang en
14:53:29.186  1121 DEBUG f.s.rdf.xls2rdf.Xls2RdfConverter - Adding value on header object "2023-09-13T14:52:23+00:00" with lang en
14:53:29.186  1121 DEBUG f.s.rdf.xls2rdf.Xls2RdfConverter - Converting data with these column headers: 
14:53:29.186  1121 DEBUG f.s.rdf.xls2rdf.Xls2RdfConverter - ColumnHeader [originalValue=Identifier, language=Optional.empty, datatype=Optional.empty, property=null, declaredProperty=Identifier, inverse=false, parameters={}, id=null, reconcileOn=null, headerCell=Identifier]
14:53:29.190  1125 DEBUG f.s.rdf.xls2rdf.Xls2RdfConverter - ColumnHeader [originalValue=skos:prefLabel@en(id="label"), language=Optional[en], datatype=Optional.empty, property=http://www.w3.org/2004/02/skos/core#prefLabel, declaredProperty=skos:prefLabel, inverse=false, parameters={id=label}, id=label, reconcileOn=null, headerCell=skos:prefLabel@en(id="label")]
14:53:29.190  1125 DEBUG f.s.rdf.xls2rdf.Xls2RdfConverter - ColumnHeader [originalValue=skos:altLabel(separator=","), language=Optional.empty, datatype=Optional.empty, property=http://www.w3.org/2004/02/skos/core#altLabel, declaredProperty=skos:altLabel, inverse=false, parameters={separator=,}, id=null, reconcileOn=null, headerCell=skos:altLabel(separator=",")]
14:53:29.190  1125 DEBUG f.s.rdf.xls2rdf.Xls2RdfConverter - ColumnHeader [originalValue=skos:notation, language=Optional.empty, datatype=Optional.empty, property=http://www.w3.org/2004/02/skos/core#notation, declaredProperty=skos:notation, inverse=false, parameters={}, id=null, reconcileOn=null, headerCell=skos:notation]
14:53:29.190  1125 DEBUG f.s.rdf.xls2rdf.Xls2RdfConverter - ColumnHeader [originalValue=skos:broader(separator=","), language=Optional.empty, datatype=Optional.empty, property=http://www.w3.org/2004/02/skos/core#broader, declaredProperty=skos:broader, inverse=false, parameters={separator=,}, id=null, reconcileOn=null, headerCell=skos:broader(separator=",")]
14:53:29.190  1125 DEBUG f.s.rdf.xls2rdf.Xls2RdfConverter - ColumnHeader [originalValue=rdf:type, language=Optional.empty, datatype=Optional.empty, property=http://www.w3.org/1999/02/22-rdf-syntax-ns#type, declaredProperty=rdf:type, inverse=false, parameters={}, id=null, reconcileOn=null, headerCell=rdf:type]
14:53:29.190  1125 DEBUG f.s.rdf.xls2rdf.Xls2RdfConverter - ColumnHeader [originalValue=skos:definition@en, language=Optional[en], datatype=Optional.empty, property=http://www.w3.org/2004/02/skos/core#definition, declaredProperty=skos:definition, inverse=false, parameters={}, id=null, reconcileOn=null, headerCell=skos:definition@en]
14:53:29.190  1125 DEBUG f.s.rdf.xls2rdf.Xls2RdfConverter - ColumnHeader [originalValue=dct:source(separator=","), language=Optional.empty, datatype=Optional.empty, property=http://purl.org/dc/terms/source, declaredProperty=dct:source, inverse=false, parameters={separator=,}, id=null, reconcileOn=null, headerCell=dct:source(separator=",")]
14:53:29.190  1125 INFO  f.s.rdf.xls2rdf.Xls2RdfConverter - Converting rows...
14:53:29.202  1137 INFO  f.s.rdf.xls2rdf.Xls2RdfConverter - Applying SKOS post-processings on the result
14:53:29.202  1137 DEBUG f.s.rdf.xls2rdf.SkosPostProcessor - Postprocessing : SkosPostProcessor
14:53:29.203  1138 DEBUG f.s.rdf.xls2rdf.SkosPostProcessor - Considering main resource like a ConceptScheme.
14:53:29.203  1138 DEBUG f.s.rdf.xls2rdf.SkosPostProcessor - Adding inverse skos:broader and skos:narrower
14:53:29.207  1142 DEBUG f.s.rdf.xls2rdf.SkosPostProcessor - Adding skos:inScheme
14:53:29.212  1147 DEBUG f.s.rdf.xls2rdf.SkosPostProcessor - Setting rdf:type skos:ConceptScheme to main resource
14:53:29.213  1148 DEBUG f.s.rdf.xls2rdf.SkosPostProcessor - Adding skos:hasTopConcept / skos:topConceptOf
14:53:29.214  1149 DEBUG f.s.rdf.xls2rdf.Xls2RdfConverter - Saving graph of 9 statements generated from Sheet Sheet1
